<?xml version="1.0" encoding="UTF-8"?>
<!-- Generated by org.testng.reporters.JUnitReportReporter -->
<testsuite hostname="sunjian-HP" name="practiceseven.testcases.TestCase3" tests="1" failures="0" timestamp="18 May 2014 12:55:19 GMT" time="31.301" errors="0">
  <testcase name="regJDAccount" time="31.301" classname="practiceseven.testcases.TestCase3"/>
</testsuite> <!-- practiceseven.testcases.TestCase3 -->
