<?xml version="1.0" encoding="UTF-8"?>
<!-- Generated by org.testng.reporters.JUnitReportReporter -->
<testsuite hostname="zm-PC" name="collect.Collect" tests="2" failures="0" timestamp="1 Aug 2016 01:49:50 GMT" time="83.641" errors="0">
  <testcase name="collect" time="25.951" classname="collect.Collect"/>
  <testcase name="collectCancel" time="57.690" classname="collect.Collect"/>
</testsuite> <!-- collect.Collect -->
