<?xml version="1.0" encoding="UTF-8"?>
<!-- Generated by org.testng.reporters.JUnitReportReporter -->
<testsuite hostname="zm-PC" name="collect.Collect" tests="2" failures="0" timestamp="28 Nov 2016 06:28:57 GMT" time="152.735" errors="0">
  <testcase name="collectCancel" time="70.726" classname="collect.Collect"/>
  <testcase name="collect" time="82.009" classname="collect.Collect"/>
</testsuite> <!-- collect.Collect -->
