<?xml version="1.0" encoding="UTF-8"?>
<!-- Generated by org.testng.reporters.JUnitReportReporter -->
<testsuite hostname="zm-PC" name="practicetwo.LaunchIE" tests="1" failures="0" timestamp="25 Aug 2014 05:09:15 GMT" time="9.836" errors="0">
  <testcase name="searchOnBaidu" time="9.836" classname="practicetwo.LaunchIE"/>
</testsuite> <!-- practicetwo.LaunchIE -->
