<?xml version="1.0" encoding="UTF-8"?>
<!-- Generated by org.testng.reporters.JUnitReportReporter -->
<testsuite hostname="sunjian-HP" name="practicetwo.homework.Mail126DotCom" tests="2" failures="0" timestamp="17 May 2014 12:12:33 GMT" time="47.691" errors="0">
  <testcase name="viewSentBox" time="24.169" classname="practicetwo.homework.Mail126DotCom"/>
  <testcase name="viewInbox" time="23.522" classname="practicetwo.homework.Mail126DotCom"/>
</testsuite> <!-- practicetwo.homework.Mail126DotCom -->
