<?xml version="1.0" encoding="UTF-8"?>
<!-- Generated by org.testng.reporters.JUnitReportReporter -->
<testsuite hostname="zm-PC" name="practicefive.TestCase"
	tests="1" failures="0" timestamp="3 Sep 2014 09:58:41 GMT" time="9.307"
	errors="0">
	<testcase name="dragAndDrop" time="9.307" classname="practicefive.TestCase" />
</testsuite> <!-- practicefive.TestCase -->
