<?xml version="1.0" encoding="UTF-8"?>
<!-- Generated by org.testng.reporters.JUnitReportReporter -->
<testsuite hostname="zm-PC" name="practicetwo.LaunchFF" tests="1"
	failures="0" timestamp="1 Sep 2014 03:02:40 GMT" time="5.977" errors="0">
	<testcase name="searchOnBaidu" time="5.977" classname="practicetwo.LaunchFF" />
</testsuite> <!-- practicetwo.LaunchFF -->
