<?xml version="1.0" encoding="UTF-8"?>
<!-- Generated by org.testng.reporters.JUnitReportReporter -->
<testsuite hostname="zm-PC" name="talk.Talk" tests="1" failures="0" timestamp="24 Sep 2014 05:29:20 GMT" time="82.176" errors="0">
  <testcase name="talkFace" time="82.176" classname="talk.Talk"/>
</testsuite> <!-- talk.Talk -->
