<?xml version="1.0" encoding="UTF-8"?>
<!-- Generated by org.testng.reporters.JUnitReportReporter -->
<testsuite hostname="sunjian-HP" name="practiceseven.testcases.UploadFiles" tests="1" failures="0" timestamp="25 May 2014 13:34:19 GMT" time="5.247" errors="0">
  <testcase name="test" time="5.247" classname="practiceseven.testcases.UploadFiles"/>
</testsuite> <!-- practiceseven.testcases.UploadFiles -->
