<?xml version="1.0" encoding="UTF-8"?>
<!-- Generated by org.testng.reporters.JUnitReportReporter -->
<testsuite hostname="zm-PC" name="practicefour.Practice1OnTestNG"
	tests="1" failures="0" timestamp="1 Sep 2014 01:49:12 GMT" time="0.042"
	errors="0">
	<testcase name="test" time="0.042" classname="practicefour.Practice1OnTestNG" />
</testsuite> <!-- practicefour.Practice1OnTestNG -->
