<?xml version="1.0" encoding="UTF-8"?>
<!-- Generated by org.testng.reporters.JUnitReportReporter -->
<testsuite hostname="zm-PC" name="login.Log" tests="1"
	failures="0" timestamp="29 Sep 2014 06:54:57 GMT" time="25.836" errors="0">
	<testcase name="logSuccess" time="25.836" classname="login.Log" />
</testsuite> <!-- login.Log -->
