<?xml version="1.0" encoding="UTF-8"?>
<!-- Generated by org.testng.reporters.JUnitReportReporter -->
<testsuite hostname="sunjian-HP" name="practicejava.homework.Mail126Dom" tests="1" failures="0" timestamp="18 May 2014 12:04:14 GMT" time="5.692" errors="0">
  <testcase name="access126Com" time="5.692" classname="practicejava.homework.Mail126Dom"/>
</testsuite> <!-- practicejava.homework.Mail126Dom -->
