<?xml version="1.0" encoding="UTF-8"?>
<!-- Generated by org.testng.reporters.JUnitReportReporter -->
<testsuite hostname="zm-PC" name="practicetwo.launch.TestBrowsers"
	tests="1" failures="0" timestamp="25 Aug 2014 07:30:23 GMT" time="11.224"
	errors="0">
	<testcase name="start" time="11.224" classname="practicetwo.launch.TestBrowsers" />
</testsuite> <!-- practicetwo.launch.TestBrowsers -->
