<?xml version="1.0" encoding="UTF-8"?>
<!-- Generated by org.testng.reporters.JUnitReportReporter -->
<testsuite hostname="zm-PC" name="reg.Reg" tests="1" failures="0" timestamp="9 Aug 2016 04:45:33 GMT" time="19.892" errors="0">
  <testcase name="regAccountFormat" time="19.892" classname="reg.Reg"/>
</testsuite> <!-- reg.Reg -->
