<?xml version="1.0" encoding="UTF-8"?>
<!-- Generated by org.testng.reporters.JUnitReportReporter -->
<testsuite hostname="zm-PC" name="praise.Praise" tests="3" failures="0" timestamp="30 Nov 2016 03:14:27 GMT" time="70.388" errors="0">
  <testcase name="praiseOne" time="25.868" classname="praise.Praise"/>
  <testcase name="praisePic" time="23.053" classname="praise.Praise"/>
  <testcase name="praise" time="21.467" classname="praise.Praise"/>
</testsuite> <!-- praise.Praise -->
