<?xml version="1.0" encoding="UTF-8"?>
<!-- Generated by org.testng.reporters.JUnitReportReporter -->
<testsuite hostname="sunjian-HP" name="practicenine.newpractice_3.TestCase2" tests="1" failures="0" timestamp="14 Jun 2014 14:17:15 GMT" time="9.123" errors="0">
  <testcase name="doCSSSeletor" time="9.123" classname="practicenine.newpractice_3.TestCase2"/>
</testsuite> <!-- practicenine.newpractice_3.TestCase2 -->
