<?xml version="1.0" encoding="UTF-8"?>
<!-- Generated by org.testng.reporters.JUnitReportReporter -->
<testsuite hostname="zm-PC" name="reg.Reg" tests="1" failures="0"
	timestamp="29 Sep 2014 08:24:18 GMT" time="18.075" errors="0">
	<testcase name="regNicknameError" time="18.075" classname="reg.Reg" />
</testsuite> <!-- reg.Reg -->
