<?xml version="1.0" encoding="UTF-8"?>
<!-- Generated by org.testng.reporters.JUnitReportReporter -->
<testsuite hostname="zm-PC" name="practiceseven.testcases.TestCase1"
	tests="1" failures="0" timestamp="4 Sep 2014 07:08:38 GMT" time="4.741"
	errors="0">
	<testcase name="regAccount" time="4.741"
		classname="practiceseven.testcases.TestCase1" />
</testsuite> <!-- practiceseven.testcases.TestCase1 -->
