<?xml version="1.0" encoding="UTF-8"?>
<!-- Generated by org.testng.reporters.JUnitReportReporter -->
<testsuite hostname="sunjian-HP" name="practicenine.newpractice_2.TestCSV" tests="1" failures="0" timestamp="14 Jun 2014 13:44:10 GMT" time="11.768" errors="0">
  <testcase name="login126DotCom" time="11.768" classname="practicenine.newpractice_2.TestCSV"/>
</testsuite> <!-- practicenine.newpractice_2.TestCSV -->
