<?xml version="1.0" encoding="UTF-8"?>
<!-- Generated by org.testng.reporters.JUnitReportReporter -->
<testsuite hostname="zm-PC" name="practiceone.Practice1OnTestng"
	tests="2" failures="0" timestamp="22 Aug 2014 11:01:26 GMT" time="0.011"
	errors="0">
	<testcase name="test1" time="0.003" classname="practiceone.Practice1OnTestng" />
	<testcase name="test2" time="0.008" classname="practiceone.Practice1OnTestng" />
</testsuite> <!-- practiceone.Practice1OnTestng -->
